<?xml version="1.0" encoding="UTF-8"?>
<!-- Generated by org.testng.reporters.JUnitXMLReporter -->
<testsuite hostname="AST-pc" ignored="0" name="Default test" tests="5" failures="0" timestamp="2020-01-11T06:36:53 EST" time="5.015" errors="0">
  <testcase name="loadAllVideoGames" time="3.313" classname="restTestCases.VideoGameApi"/>
  <testcase name="addVideoGame" time="0.379" classname="restTestCases.VideoGameApi"/>
  <testcase name="getVideoGamebyId" time="0.812" classname="restTestCases.VideoGameApi"/>
  <testcase name="updateVideoGamebyId" time="0.298" classname="restTestCases.VideoGameApi"/>
  <testcase name="deleteVideoGamebyId" time="0.085" classname="restTestCases.VideoGameApi"/>
</testsuite> <!-- Default test -->
